<?xml version="1.0" encoding="UTF-8"?>
<!-- Generated by org.testng.reporters.JUnitReportReporter -->
<testsuite hostname="LAPTOP-TC9UMF3T" failures="0" tests="1" name="testngpkg.Datadriventest" time="8.412" errors="0" timestamp="2024-10-28T15:51:41 IST" skipped="0">
  <testcase classname="testngpkg.Datadriventest" name="testing" time="8.412"/>
  <system-out/>
</testsuite> <!-- testngpkg.Datadriventest -->
