<?xml version="1.0" encoding="UTF-8"?>
<!-- Generated by org.testng.reporters.JUnitReportReporter -->
<testsuite hostname="LAPTOP-TC9UMF3T" failures="0" tests="1" name="testngpkg.Fileuploadautoit" time="15.138" errors="0" timestamp="2024-10-28T11:41:17 IST" skipped="0">
  <testcase classname="testngpkg.Fileuploadautoit" name="testing" time="15.138"/>
  <system-out/>
</testsuite> <!-- testngpkg.Fileuploadautoit -->
