<?xml version="1.0" encoding="UTF-8"?>
<!-- Generated by org.testng.reporters.JUnitReportReporter -->
<testsuite hostname="LAPTOP-TC9UMF3T" failures="0" tests="1" name="testngpkg.Parameterisation" time="0.011" errors="0" timestamp="2024-10-23T11:40:39 IST" skipped="0">
  <testcase classname="testngpkg.Parameterisation" name="test" time="0.011"/>
  <system-out/>
</testsuite> <!-- testngpkg.Parameterisation -->
