<?xml version="1.0" encoding="UTF-8"?>
<!-- Generated by org.testng.reporters.JUnitReportReporter -->
<testsuite hostname="LAPTOP-TC9UMF3T" failures="0" tests="1" name="testngpkg.Fileuploadrobot" time="8.212" errors="0" timestamp="2024-10-25T15:32:18 IST" skipped="0">
  <testcase classname="testngpkg.Fileuploadrobot" name="fileuploadpgm" time="8.212"/>
  <system-out/>
</testsuite> <!-- testngpkg.Fileuploadrobot -->
