<?xml version="1.0" encoding="UTF-8"?>
<!-- Generated by org.testng.reporters.JUnitReportReporter -->
<testsuite hostname="LAPTOP-TC9UMF3T" failures="0" tests="1" name="testngpkg.Dragdrop" time="3.043" errors="0" timestamp="2024-10-24T15:34:28 IST" skipped="0">
  <testcase classname="testngpkg.Dragdrop" name="test" time="3.043"/>
  <system-out/>
</testsuite> <!-- testngpkg.Dragdrop -->
